[06-Oct-2019 20:36:45 Asia/Bangkok] PHP Notice:  session_start(): A session had already been started - ignoring in D:\comdept\serv2\LocalUser\59143249\config\wbsclass.php on line 1
[06-Oct-2019 20:44:38 Asia/Bangkok] PHP Notice:  session_start(): A session had already been started - ignoring in D:\comdept\serv2\LocalUser\59143249\config\wbsclass.php on line 1
[07-Oct-2019 07:54:31 Asia/Bangkok] PHP Notice:  session_start(): A session had already been started - ignoring in D:\comdept\serv2\LocalUser\59143249\config\wbsclass.php on line 1
[07-Oct-2019 07:54:34 Asia/Bangkok] PHP Notice:  session_start(): A session had already been started - ignoring in D:\comdept\serv2\LocalUser\59143249\config\wbsclass.php on line 1
[07-Oct-2019 09:51:09 Asia/Bangkok] PHP Notice:  session_start(): A session had already been started - ignoring in D:\comdept\serv2\LocalUser\59143249\config\wbsclass.php on line 1
[07-Oct-2019 09:51:11 Asia/Bangkok] PHP Notice:  session_start(): A session had already been started - ignoring in D:\comdept\serv2\LocalUser\59143249\config\wbsclass.php on line 1
[07-Oct-2019 09:51:18 Asia/Bangkok] PHP Notice:  session_start(): A session had already been started - ignoring in D:\comdept\serv2\LocalUser\59143249\config\wbsclass.php on line 1
[07-Oct-2019 09:52:06 Asia/Bangkok] PHP Notice:  session_start(): A session had already been started - ignoring in D:\comdept\serv2\LocalUser\59143249\config\wbsclass.php on line 1
[07-Oct-2019 09:52:09 Asia/Bangkok] PHP Notice:  session_start(): A session had already been started - ignoring in D:\comdept\serv2\LocalUser\59143249\config\wbsclass.php on line 1
[07-Oct-2019 09:52:13 Asia/Bangkok] PHP Notice:  session_start(): A session had already been started - ignoring in D:\comdept\serv2\LocalUser\59143249\config\wbsclass.php on line 1
[07-Oct-2019 09:52:18 Asia/Bangkok] PHP Notice:  session_start(): A session had already been started - ignoring in D:\comdept\serv2\LocalUser\59143249\config\wbsclass.php on line 1
[07-Oct-2019 09:52:22 Asia/Bangkok] PHP Notice:  session_start(): A session had already been started - ignoring in D:\comdept\serv2\LocalUser\59143249\config\wbsclass.php on line 1
[07-Oct-2019 09:52:38 Asia/Bangkok] PHP Notice:  session_start(): A session had already been started - ignoring in D:\comdept\serv2\LocalUser\59143249\config\wbsclass.php on line 1
[07-Oct-2019 09:52:52 Asia/Bangkok] PHP Notice:  session_start(): A session had already been started - ignoring in D:\comdept\serv2\LocalUser\59143249\config\wbsclass.php on line 1
[07-Oct-2019 09:53:01 Asia/Bangkok] PHP Notice:  session_start(): A session had already been started - ignoring in D:\comdept\serv2\LocalUser\59143249\config\wbsclass.php on line 1
[07-Oct-2019 09:53:04 Asia/Bangkok] PHP Notice:  session_start(): A session had already been started - ignoring in D:\comdept\serv2\LocalUser\59143249\config\wbsclass.php on line 1
[07-Oct-2019 09:53:07 Asia/Bangkok] PHP Notice:  session_start(): A session had already been started - ignoring in D:\comdept\serv2\LocalUser\59143249\config\wbsclass.php on line 1
[07-Oct-2019 09:53:13 Asia/Bangkok] PHP Notice:  session_start(): A session had already been started - ignoring in D:\comdept\serv2\LocalUser\59143249\config\wbsclass.php on line 1
[07-Oct-2019 09:53:17 Asia/Bangkok] PHP Notice:  session_start(): A session had already been started - ignoring in D:\comdept\serv2\LocalUser\59143249\config\wbsclass.php on line 1
[07-Oct-2019 09:53:25 Asia/Bangkok] PHP Notice:  session_start(): A session had already been started - ignoring in D:\comdept\serv2\LocalUser\59143249\config\wbsclass.php on line 1
[07-Oct-2019 09:53:59 Asia/Bangkok] PHP Notice:  session_start(): A session had already been started - ignoring in D:\comdept\serv2\LocalUser\59143249\config\wbsclass.php on line 1
[07-Oct-2019 09:54:13 Asia/Bangkok] PHP Notice:  session_start(): A session had already been started - ignoring in D:\comdept\serv2\LocalUser\59143249\config\wbsclass.php on line 1
[07-Oct-2019 09:55:04 Asia/Bangkok] PHP Notice:  session_start(): A session had already been started - ignoring in D:\comdept\serv2\LocalUser\59143249\config\wbsclass.php on line 1
[07-Oct-2019 09:55:07 Asia/Bangkok] PHP Notice:  session_start(): A session had already been started - ignoring in D:\comdept\serv2\LocalUser\59143249\config\wbsclass.php on line 1
[07-Oct-2019 09:55:11 Asia/Bangkok] PHP Notice:  session_start(): A session had already been started - ignoring in D:\comdept\serv2\LocalUser\59143249\config\wbsclass.php on line 1
[07-Oct-2019 09:55:15 Asia/Bangkok] PHP Notice:  session_start(): A session had already been started - ignoring in D:\comdept\serv2\LocalUser\59143249\config\wbsclass.php on line 1
[07-Oct-2019 09:55:45 Asia/Bangkok] PHP Notice:  session_start(): A session had already been started - ignoring in D:\comdept\serv2\LocalUser\59143249\config\wbsclass.php on line 1
[07-Oct-2019 09:55:49 Asia/Bangkok] PHP Notice:  session_start(): A session had already been started - ignoring in D:\comdept\serv2\LocalUser\59143249\config\wbsclass.php on line 1
[07-Oct-2019 09:56:20 Asia/Bangkok] PHP Notice:  session_start(): A session had already been started - ignoring in D:\comdept\serv2\LocalUser\59143249\config\wbsclass.php on line 1
[07-Oct-2019 09:57:44 Asia/Bangkok] PHP Notice:  session_start(): A session had already been started - ignoring in D:\comdept\serv2\LocalUser\59143249\config\wbsclass.php on line 1
[07-Oct-2019 09:57:52 Asia/Bangkok] PHP Notice:  session_start(): A session had already been started - ignoring in D:\comdept\serv2\LocalUser\59143249\config\wbsclass.php on line 1
[07-Oct-2019 10:31:50 Asia/Bangkok] PHP Notice:  session_start(): A session had already been started - ignoring in D:\comdept\serv2\LocalUser\59143249\config\wbsclass.php on line 1
[07-Oct-2019 10:32:22 Asia/Bangkok] PHP Notice:  session_start(): A session had already been started - ignoring in D:\comdept\serv2\LocalUser\59143249\config\wbsclass.php on line 1
[07-Oct-2019 10:33:23 Asia/Bangkok] PHP Notice:  session_start(): A session had already been started - ignoring in D:\comdept\serv2\LocalUser\59143249\config\wbsclass.php on line 1
[07-Oct-2019 10:37:04 Asia/Bangkok] PHP Notice:  session_start(): A session had already been started - ignoring in D:\comdept\serv2\LocalUser\59143249\config\wbsclass.php on line 1
[07-Oct-2019 13:07:01 Asia/Bangkok] PHP Notice:  session_start(): A session had already been started - ignoring in D:\comdept\serv2\LocalUser\59143249\config\wbsclass.php on line 1
[07-Oct-2019 13:14:36 Asia/Bangkok] PHP Notice:  session_start(): A session had already been started - ignoring in D:\comdept\serv2\LocalUser\59143249\config\wbsclass.php on line 1
[07-Oct-2019 13:56:17 Asia/Bangkok] PHP Notice:  session_start(): A session had already been started - ignoring in D:\comdept\serv2\LocalUser\59143249\config\wbsclass.php on line 1
[07-Oct-2019 14:01:43 Asia/Bangkok] PHP Notice:  session_start(): A session had already been started - ignoring in D:\comdept\serv2\LocalUser\59143249\config\wbsclass.php on line 1
[07-Oct-2019 14:01:46 Asia/Bangkok] PHP Notice:  session_start(): A session had already been started - ignoring in D:\comdept\serv2\LocalUser\59143249\config\wbsclass.php on line 1
[07-Oct-2019 14:02:21 Asia/Bangkok] PHP Notice:  session_start(): A session had already been started - ignoring in D:\comdept\serv2\LocalUser\59143249\config\wbsclass.php on line 1
[07-Oct-2019 14:02:24 Asia/Bangkok] PHP Notice:  session_start(): A session had already been started - ignoring in D:\comdept\serv2\LocalUser\59143249\config\wbsclass.php on line 1
[07-Oct-2019 14:02:26 Asia/Bangkok] PHP Notice:  session_start(): A session had already been started - ignoring in D:\comdept\serv2\LocalUser\59143249\config\wbsclass.php on line 1
[07-Oct-2019 14:03:00 Asia/Bangkok] PHP Notice:  session_start(): A session had already been started - ignoring in D:\comdept\serv2\LocalUser\59143249\config\wbsclass.php on line 1
[07-Oct-2019 14:03:03 Asia/Bangkok] PHP Notice:  session_start(): A session had already been started - ignoring in D:\comdept\serv2\LocalUser\59143249\config\wbsclass.php on line 1
[07-Oct-2019 14:03:48 Asia/Bangkok] PHP Notice:  session_start(): A session had already been started - ignoring in D:\comdept\serv2\LocalUser\59143249\config\wbsclass.php on line 1
[07-Oct-2019 14:03:51 Asia/Bangkok] PHP Notice:  session_start(): A session had already been started - ignoring in D:\comdept\serv2\LocalUser\59143249\config\wbsclass.php on line 1
[07-Oct-2019 14:14:50 Asia/Bangkok] PHP Notice:  session_start(): A session had already been started - ignoring in D:\comdept\serv2\LocalUser\59143249\config\wbsclass.php on line 1
[07-Oct-2019 14:15:41 Asia/Bangkok] PHP Notice:  session_start(): A session had already been started - ignoring in D:\comdept\serv2\LocalUser\59143249\config\wbsclass.php on line 1
[07-Oct-2019 14:15:44 Asia/Bangkok] PHP Notice:  session_start(): A session had already been started - ignoring in D:\comdept\serv2\LocalUser\59143249\config\wbsclass.php on line 1
[07-Oct-2019 14:15:54 Asia/Bangkok] PHP Notice:  session_start(): A session had already been started - ignoring in D:\comdept\serv2\LocalUser\59143249\config\wbsclass.php on line 1
[07-Oct-2019 14:31:26 Asia/Bangkok] PHP Notice:  session_start(): A session had already been started - ignoring in D:\comdept\serv2\LocalUser\59143249\config\wbsclass.php on line 1
[07-Oct-2019 14:31:30 Asia/Bangkok] PHP Notice:  session_start(): A session had already been started - ignoring in D:\comdept\serv2\LocalUser\59143249\config\wbsclass.php on line 1
[07-Oct-2019 14:31:34 Asia/Bangkok] PHP Notice:  session_start(): A session had already been started - ignoring in D:\comdept\serv2\LocalUser\59143249\config\wbsclass.php on line 1
[07-Oct-2019 14:37:38 Asia/Bangkok] PHP Notice:  session_start(): A session had already been started - ignoring in D:\comdept\serv2\LocalUser\59143249\config\wbsclass.php on line 1
[07-Oct-2019 14:37:54 Asia/Bangkok] PHP Notice:  session_start(): A session had already been started - ignoring in D:\comdept\serv2\LocalUser\59143249\config\wbsclass.php on line 1
[07-Oct-2019 14:37:57 Asia/Bangkok] PHP Notice:  session_start(): A session had already been started - ignoring in D:\comdept\serv2\LocalUser\59143249\config\wbsclass.php on line 1
[07-Oct-2019 14:39:24 Asia/Bangkok] PHP Notice:  session_start(): A session had already been started - ignoring in D:\comdept\serv2\LocalUser\59143249\config\wbsclass.php on line 1
[07-Oct-2019 14:49:10 Asia/Bangkok] PHP Notice:  session_start(): A session had already been started - ignoring in D:\comdept\serv2\LocalUser\59143249\config\wbsclass.php on line 1
[07-Oct-2019 14:49:13 Asia/Bangkok] PHP Notice:  session_start(): A session had already been started - ignoring in D:\comdept\serv2\LocalUser\59143249\config\wbsclass.php on line 1
[07-Oct-2019 15:15:22 Asia/Bangkok] PHP Notice:  session_start(): A session had already been started - ignoring in D:\comdept\serv2\LocalUser\59143249\config\wbsclass.php on line 1
[07-Oct-2019 15:17:14 Asia/Bangkok] PHP Notice:  session_start(): A session had already been started - ignoring in D:\comdept\serv2\LocalUser\59143249\config\wbsclass.php on line 1
[07-Oct-2019 15:17:22 Asia/Bangkok] PHP Notice:  session_start(): A session had already been started - ignoring in D:\comdept\serv2\LocalUser\59143249\config\wbsclass.php on line 1
[07-Oct-2019 15:17:35 Asia/Bangkok] PHP Notice:  session_start(): A session had already been started - ignoring in D:\comdept\serv2\LocalUser\59143249\config\wbsclass.php on line 1
[07-Oct-2019 15:17:40 Asia/Bangkok] PHP Notice:  session_start(): A session had already been started - ignoring in D:\comdept\serv2\LocalUser\59143249\config\wbsclass.php on line 1
[07-Oct-2019 15:18:05 Asia/Bangkok] PHP Notice:  session_start(): A session had already been started - ignoring in D:\comdept\serv2\LocalUser\59143249\config\wbsclass.php on line 1
[07-Oct-2019 15:18:08 Asia/Bangkok] PHP Notice:  session_start(): A session had already been started - ignoring in D:\comdept\serv2\LocalUser\59143249\config\wbsclass.php on line 1
[07-Oct-2019 15:18:11 Asia/Bangkok] PHP Notice:  session_start(): A session had already been started - ignoring in D:\comdept\serv2\LocalUser\59143249\config\wbsclass.php on line 1
[07-Oct-2019 16:02:57 Asia/Bangkok] PHP Notice:  session_start(): A session had already been started - ignoring in D:\comdept\serv2\LocalUser\59143249\config\wbsclass.php on line 1
[07-Oct-2019 16:03:34 Asia/Bangkok] PHP Notice:  session_start(): A session had already been started - ignoring in D:\comdept\serv2\LocalUser\59143249\config\wbsclass.php on line 1
[07-Oct-2019 16:03:40 Asia/Bangkok] PHP Notice:  session_start(): A session had already been started - ignoring in D:\comdept\serv2\LocalUser\59143249\config\wbsclass.php on line 1
[07-Oct-2019 16:20:57 Asia/Bangkok] PHP Notice:  session_start(): A session had already been started - ignoring in D:\comdept\serv2\LocalUser\59143249\config\wbsclass.php on line 1
[07-Oct-2019 16:20:59 Asia/Bangkok] PHP Notice:  session_start(): A session had already been started - ignoring in D:\comdept\serv2\LocalUser\59143249\config\wbsclass.php on line 1
[07-Oct-2019 16:21:03 Asia/Bangkok] PHP Notice:  session_start(): A session had already been started - ignoring in D:\comdept\serv2\LocalUser\59143249\config\wbsclass.php on line 1
[07-Oct-2019 16:21:05 Asia/Bangkok] PHP Notice:  session_start(): A session had already been started - ignoring in D:\comdept\serv2\LocalUser\59143249\config\wbsclass.php on line 1
[07-Oct-2019 16:21:50 Asia/Bangkok] PHP Notice:  session_start(): A session had already been started - ignoring in D:\comdept\serv2\LocalUser\59143249\config\wbsclass.php on line 1
[07-Oct-2019 16:21:59 Asia/Bangkok] PHP Notice:  session_start(): A session had already been started - ignoring in D:\comdept\serv2\LocalUser\59143249\config\wbsclass.php on line 1
[07-Oct-2019 16:22:01 Asia/Bangkok] PHP Notice:  session_start(): A session had already been started - ignoring in D:\comdept\serv2\LocalUser\59143249\config\wbsclass.php on line 1
[07-Oct-2019 16:22:08 Asia/Bangkok] PHP Notice:  session_start(): A session had already been started - ignoring in D:\comdept\serv2\LocalUser\59143249\config\wbsclass.php on line 1
[07-Oct-2019 16:22:11 Asia/Bangkok] PHP Notice:  session_start(): A session had already been started - ignoring in D:\comdept\serv2\LocalUser\59143249\config\wbsclass.php on line 1
[08-Oct-2019 08:01:13 Asia/Bangkok] PHP Notice:  session_start(): A session had already been started - ignoring in D:\comdept\serv2\LocalUser\59143249\config\wbsclass.php on line 1
[08-Oct-2019 08:32:07 Asia/Bangkok] PHP Notice:  session_start(): A session had already been started - ignoring in D:\comdept\serv2\LocalUser\59143249\config\wbsclass.php on line 1
[08-Oct-2019 08:32:15 Asia/Bangkok] PHP Notice:  session_start(): A session had already been started - ignoring in D:\comdept\serv2\LocalUser\59143249\config\wbsclass.php on line 1
[08-Oct-2019 08:32:28 Asia/Bangkok] PHP Notice:  session_start(): A session had already been started - ignoring in D:\comdept\serv2\LocalUser\59143249\config\wbsclass.php on line 1
[08-Oct-2019 08:33:56 Asia/Bangkok] PHP Notice:  session_start(): A session had already been started - ignoring in D:\comdept\serv2\LocalUser\59143249\config\wbsclass.php on line 1
[08-Oct-2019 08:35:06 Asia/Bangkok] PHP Notice:  session_start(): A session had already been started - ignoring in D:\comdept\serv2\LocalUser\59143249\config\wbsclass.php on line 1
[08-Oct-2019 08:37:15 Asia/Bangkok] PHP Notice:  session_start(): A session had already been started - ignoring in D:\comdept\serv2\LocalUser\59143249\config\wbsclass.php on line 1
[08-Oct-2019 08:37:32 Asia/Bangkok] PHP Notice:  session_start(): A session had already been started - ignoring in D:\comdept\serv2\LocalUser\59143249\config\wbsclass.php on line 1
[08-Oct-2019 08:37:33 Asia/Bangkok] PHP Notice:  session_start(): A session had already been started - ignoring in D:\comdept\serv2\LocalUser\59143249\config\wbsclass.php on line 1
[08-Oct-2019 08:37:41 Asia/Bangkok] PHP Notice:  session_start(): A session had already been started - ignoring in D:\comdept\serv2\LocalUser\59143249\config\wbsclass.php on line 1
[08-Oct-2019 08:40:58 Asia/Bangkok] PHP Notice:  session_start(): A session had already been started - ignoring in D:\comdept\serv2\LocalUser\59143249\config\wbsclass.php on line 1
[08-Oct-2019 08:52:26 Asia/Bangkok] PHP Notice:  session_start(): A session had already been started - ignoring in D:\comdept\serv2\LocalUser\59143249\config\wbsclass.php on line 1
[08-Oct-2019 08:52:26 Asia/Bangkok] PHP Notice:  Undefined index: book_id in D:\comdept\serv2\LocalUser\59143249\database\bookmark.php on line 18
[08-Oct-2019 08:52:56 Asia/Bangkok] PHP Notice:  session_start(): A session had already been started - ignoring in D:\comdept\serv2\LocalUser\59143249\config\wbsclass.php on line 1
[08-Oct-2019 08:52:56 Asia/Bangkok] PHP Notice:  Undefined index: book_id in D:\comdept\serv2\LocalUser\59143249\database\bookmark.php on line 18
[08-Oct-2019 08:53:02 Asia/Bangkok] PHP Notice:  session_start(): A session had already been started - ignoring in D:\comdept\serv2\LocalUser\59143249\config\wbsclass.php on line 1
[08-Oct-2019 08:53:02 Asia/Bangkok] PHP Notice:  Undefined index: book_id in D:\comdept\serv2\LocalUser\59143249\database\bookmark.php on line 18
[08-Oct-2019 08:54:09 Asia/Bangkok] PHP Notice:  session_start(): A session had already been started - ignoring in D:\comdept\serv2\LocalUser\59143249\config\wbsclass.php on line 1
[08-Oct-2019 08:54:34 Asia/Bangkok] PHP Notice:  session_start(): A session had already been started - ignoring in D:\comdept\serv2\LocalUser\59143249\config\wbsclass.php on line 1
[08-Oct-2019 08:54:34 Asia/Bangkok] PHP Notice:  Undefined index: book_id in D:\comdept\serv2\LocalUser\59143249\database\bookmark.php on line 18
[08-Oct-2019 08:56:38 Asia/Bangkok] PHP Notice:  session_start(): A session had already been started - ignoring in D:\comdept\serv2\LocalUser\59143249\config\wbsclass.php on line 1
[08-Oct-2019 08:56:38 Asia/Bangkok] PHP Notice:  Undefined index: book_id in D:\comdept\serv2\LocalUser\59143249\database\bookmark.php on line 18
[08-Oct-2019 08:59:04 Asia/Bangkok] PHP Notice:  session_start(): A session had already been started - ignoring in D:\comdept\serv2\LocalUser\59143249\config\wbsclass.php on line 1
[08-Oct-2019 08:59:26 Asia/Bangkok] PHP Notice:  session_start(): A session had already been started - ignoring in D:\comdept\serv2\LocalUser\59143249\config\wbsclass.php on line 1
[08-Oct-2019 08:59:38 Asia/Bangkok] PHP Notice:  session_start(): A session had already been started - ignoring in D:\comdept\serv2\LocalUser\59143249\config\wbsclass.php on line 1
[08-Oct-2019 08:59:41 Asia/Bangkok] PHP Notice:  session_start(): A session had already been started - ignoring in D:\comdept\serv2\LocalUser\59143249\config\wbsclass.php on line 1
[08-Oct-2019 09:04:52 Asia/Bangkok] PHP Notice:  session_start(): A session had already been started - ignoring in D:\comdept\serv2\LocalUser\59143249\config\wbsclass.php on line 1
[08-Oct-2019 09:04:57 Asia/Bangkok] PHP Notice:  session_start(): A session had already been started - ignoring in D:\comdept\serv2\LocalUser\59143249\config\wbsclass.php on line 1
[08-Oct-2019 09:05:44 Asia/Bangkok] PHP Notice:  session_start(): A session had already been started - ignoring in D:\comdept\serv2\LocalUser\59143249\config\wbsclass.php on line 1
[08-Oct-2019 09:05:47 Asia/Bangkok] PHP Notice:  session_start(): A session had already been started - ignoring in D:\comdept\serv2\LocalUser\59143249\config\wbsclass.php on line 1
[08-Oct-2019 09:05:52 Asia/Bangkok] PHP Notice:  session_start(): A session had already been started - ignoring in D:\comdept\serv2\LocalUser\59143249\config\wbsclass.php on line 1
[08-Oct-2019 09:35:44 Asia/Bangkok] PHP Notice:  session_start(): A session had already been started - ignoring in D:\comdept\serv2\LocalUser\59143249\config\wbsclass.php on line 1
[08-Oct-2019 10:37:03 Asia/Bangkok] PHP Notice:  session_start(): A session had already been started - ignoring in D:\comdept\serv2\LocalUser\59143249\config\wbsclass.php on line 1
[08-Oct-2019 12:00:00 Asia/Bangkok] PHP Notice:  session_start(): A session had already been started - ignoring in D:\comdept\serv2\LocalUser\59143249\config\wbsclass.php on line 1
[08-Oct-2019 12:04:18 Asia/Bangkok] PHP Notice:  session_start(): A session had already been started - ignoring in D:\comdept\serv2\LocalUser\59143249\config\wbsclass.php on line 1
[08-Oct-2019 12:04:23 Asia/Bangkok] PHP Notice:  session_start(): A session had already been started - ignoring in D:\comdept\serv2\LocalUser\59143249\config\wbsclass.php on line 1
[08-Oct-2019 13:27:03 Asia/Bangkok] PHP Notice:  session_start(): A session had already been started - ignoring in D:\comdept\serv2\LocalUser\59143249\config\wbsclass.php on line 1
[08-Oct-2019 13:27:09 Asia/Bangkok] PHP Notice:  session_start(): A session had already been started - ignoring in D:\comdept\serv2\LocalUser\59143249\config\wbsclass.php on line 1
[08-Oct-2019 13:29:59 Asia/Bangkok] PHP Notice:  session_start(): A session had already been started - ignoring in D:\comdept\serv2\LocalUser\59143249\config\wbsclass.php on line 1
[09-Oct-2019 07:51:20 Asia/Bangkok] PHP Notice:  session_start(): A session had already been started - ignoring in D:\comdept\serv2\LocalUser\59143249\config\wbsclass.php on line 1
[09-Oct-2019 13:29:54 Asia/Bangkok] PHP Notice:  session_start(): A session had already been started - ignoring in D:\comdept\serv2\LocalUser\59143249\config\wbsclass.php on line 1
[09-Oct-2019 15:15:59 Asia/Bangkok] PHP Notice:  session_start(): A session had already been started - ignoring in D:\comdept\serv2\LocalUser\59143249\config\wbsclass.php on line 1
[09-Oct-2019 15:18:04 Asia/Bangkok] PHP Notice:  session_start(): A session had already been started - ignoring in D:\comdept\serv2\LocalUser\59143249\config\wbsclass.php on line 1
[09-Oct-2019 15:19:11 Asia/Bangkok] PHP Notice:  session_start(): A session had already been started - ignoring in D:\comdept\serv2\LocalUser\59143249\config\wbsclass.php on line 1
[09-Oct-2019 15:22:06 Asia/Bangkok] PHP Notice:  session_start(): A session had already been started - ignoring in D:\comdept\serv2\LocalUser\59143249\config\wbsclass.php on line 1
[09-Oct-2019 15:38:49 Asia/Bangkok] PHP Notice:  session_start(): A session had already been started - ignoring in D:\comdept\serv2\LocalUser\59143249\config\wbsclass.php on line 1
[09-Oct-2019 15:39:23 Asia/Bangkok] PHP Notice:  session_start(): A session had already been started - ignoring in D:\comdept\serv2\LocalUser\59143249\config\wbsclass.php on line 1
[09-Oct-2019 15:40:36 Asia/Bangkok] PHP Notice:  session_start(): A session had already been started - ignoring in D:\comdept\serv2\LocalUser\59143249\config\wbsclass.php on line 1
[09-Oct-2019 15:40:54 Asia/Bangkok] PHP Notice:  session_start(): A session had already been started - ignoring in D:\comdept\serv2\LocalUser\59143249\config\wbsclass.php on line 1
[09-Oct-2019 15:41:15 Asia/Bangkok] PHP Notice:  session_start(): A session had already been started - ignoring in D:\comdept\serv2\LocalUser\59143249\config\wbsclass.php on line 1
[09-Oct-2019 15:41:21 Asia/Bangkok] PHP Notice:  session_start(): A session had already been started - ignoring in D:\comdept\serv2\LocalUser\59143249\config\wbsclass.php on line 1
[09-Oct-2019 15:41:43 Asia/Bangkok] PHP Notice:  session_start(): A session had already been started - ignoring in D:\comdept\serv2\LocalUser\59143249\config\wbsclass.php on line 1
[09-Oct-2019 15:42:02 Asia/Bangkok] PHP Notice:  session_start(): A session had already been started - ignoring in D:\comdept\serv2\LocalUser\59143249\config\wbsclass.php on line 1
[09-Oct-2019 15:48:07 Asia/Bangkok] PHP Notice:  session_start(): A session had already been started - ignoring in D:\comdept\serv2\LocalUser\59143249\config\wbsclass.php on line 1
[09-Oct-2019 15:48:09 Asia/Bangkok] PHP Notice:  session_start(): A session had already been started - ignoring in D:\comdept\serv2\LocalUser\59143249\config\wbsclass.php on line 1
[09-Oct-2019 15:48:42 Asia/Bangkok] PHP Notice:  session_start(): A session had already been started - ignoring in D:\comdept\serv2\LocalUser\59143249\config\wbsclass.php on line 1
[09-Oct-2019 15:48:44 Asia/Bangkok] PHP Notice:  session_start(): A session had already been started - ignoring in D:\comdept\serv2\LocalUser\59143249\config\wbsclass.php on line 1
[10-Oct-2019 10:03:48 Asia/Bangkok] PHP Notice:  session_start(): A session had already been started - ignoring in D:\comdept\serv2\LocalUser\59143249\config\wbsclass.php on line 1
[10-Oct-2019 10:04:03 Asia/Bangkok] PHP Notice:  session_start(): A session had already been started - ignoring in D:\comdept\serv2\LocalUser\59143249\config\wbsclass.php on line 1
[10-Oct-2019 11:36:30 Asia/Bangkok] PHP Notice:  session_start(): A session had already been started - ignoring in D:\comdept\serv2\LocalUser\59143249\config\wbsclass.php on line 1
[10-Oct-2019 11:36:32 Asia/Bangkok] PHP Notice:  session_start(): A session had already been started - ignoring in D:\comdept\serv2\LocalUser\59143249\config\wbsclass.php on line 1
[10-Oct-2019 11:36:34 Asia/Bangkok] PHP Notice:  session_start(): A session had already been started - ignoring in D:\comdept\serv2\LocalUser\59143249\config\wbsclass.php on line 1
[10-Oct-2019 11:36:58 Asia/Bangkok] PHP Notice:  session_start(): A session had already been started - ignoring in D:\comdept\serv2\LocalUser\59143249\config\wbsclass.php on line 1
[10-Oct-2019 11:37:20 Asia/Bangkok] PHP Notice:  session_start(): A session had already been started - ignoring in D:\comdept\serv2\LocalUser\59143249\config\wbsclass.php on line 1
[10-Oct-2019 11:38:17 Asia/Bangkok] PHP Notice:  session_start(): A session had already been started - ignoring in D:\comdept\serv2\LocalUser\59143249\config\wbsclass.php on line 1
[13-Oct-2019 22:29:39 Asia/Bangkok] PHP Notice:  session_start(): A session had already been started - ignoring in D:\comdept\serv2\LocalUser\59143249\config\wbsclass.php on line 1
[13-Oct-2019 22:29:43 Asia/Bangkok] PHP Notice:  session_start(): A session had already been started - ignoring in D:\comdept\serv2\LocalUser\59143249\config\wbsclass.php on line 1
[13-Oct-2019 22:29:48 Asia/Bangkok] PHP Notice:  session_start(): A session had already been started - ignoring in D:\comdept\serv2\LocalUser\59143249\config\wbsclass.php on line 1
[13-Oct-2019 22:32:11 Asia/Bangkok] PHP Notice:  session_start(): A session had already been started - ignoring in D:\comdept\serv2\LocalUser\59143249\config\wbsclass.php on line 1
[13-Oct-2019 22:32:14 Asia/Bangkok] PHP Notice:  session_start(): A session had already been started - ignoring in D:\comdept\serv2\LocalUser\59143249\config\wbsclass.php on line 1
[15-Oct-2019 08:20:25 Asia/Bangkok] PHP Notice:  session_start(): A session had already been started - ignoring in D:\comdept\serv2\LocalUser\59143249\config\wbsclass.php on line 1
[15-Oct-2019 08:24:05 Asia/Bangkok] PHP Notice:  session_start(): A session had already been started - ignoring in D:\comdept\serv2\LocalUser\59143249\config\wbsclass.php on line 1
[15-Oct-2019 08:31:28 Asia/Bangkok] PHP Notice:  session_start(): A session had already been started - ignoring in D:\comdept\serv2\LocalUser\59143249\config\wbsclass.php on line 1
[15-Oct-2019 15:34:35 Asia/Bangkok] PHP Notice:  Undefined index: type in D:\comdept\serv2\LocalUser\59143249\database\restaurant.php on line 9
[15-Oct-2019 15:34:35 Asia/Bangkok] PHP Notice:  Undefined index: type in D:\comdept\serv2\LocalUser\59143249\database\restaurant.php on line 17
[15-Oct-2019 15:34:35 Asia/Bangkok] PHP Notice:  Undefined index: type in D:\comdept\serv2\LocalUser\59143249\database\restaurant.php on line 25
[15-Oct-2019 15:34:35 Asia/Bangkok] PHP Notice:  Undefined index: type in D:\comdept\serv2\LocalUser\59143249\database\restaurant.php on line 33
[17-Oct-2019 14:36:13 Asia/Bangkok] PHP Notice:  Array to string conversion in D:\comdept\serv2\LocalUser\59143249\database\restaurant.php on line 38
[17-Oct-2019 14:36:13 Asia/Bangkok] PHP Notice:  Undefined variable: arr in D:\comdept\serv2\LocalUser\59143249\database\restaurant.php on line 39
[17-Oct-2019 14:36:13 Asia/Bangkok] PHP Notice:  Array to string conversion in D:\comdept\serv2\LocalUser\59143249\database\restaurant.php on line 38
[17-Oct-2019 14:36:13 Asia/Bangkok] PHP Notice:  Undefined variable: arr in D:\comdept\serv2\LocalUser\59143249\database\restaurant.php on line 39
[17-Oct-2019 14:36:13 Asia/Bangkok] PHP Notice:  Array to string conversion in D:\comdept\serv2\LocalUser\59143249\database\restaurant.php on line 38
[17-Oct-2019 14:36:13 Asia/Bangkok] PHP Notice:  Undefined variable: arr in D:\comdept\serv2\LocalUser\59143249\database\restaurant.php on line 39
[17-Oct-2019 14:36:13 Asia/Bangkok] PHP Notice:  Array to string conversion in D:\comdept\serv2\LocalUser\59143249\database\restaurant.php on line 38
[17-Oct-2019 14:36:13 Asia/Bangkok] PHP Notice:  Undefined variable: arr in D:\comdept\serv2\LocalUser\59143249\database\restaurant.php on line 39
[17-Oct-2019 14:36:13 Asia/Bangkok] PHP Notice:  Array to string conversion in D:\comdept\serv2\LocalUser\59143249\database\restaurant.php on line 38
[17-Oct-2019 14:36:13 Asia/Bangkok] PHP Notice:  Undefined variable: arr in D:\comdept\serv2\LocalUser\59143249\database\restaurant.php on line 39
[17-Oct-2019 14:36:13 Asia/Bangkok] PHP Notice:  Array to string conversion in D:\comdept\serv2\LocalUser\59143249\database\restaurant.php on line 38
[17-Oct-2019 14:36:13 Asia/Bangkok] PHP Notice:  Undefined variable: arr in D:\comdept\serv2\LocalUser\59143249\database\restaurant.php on line 39
[17-Oct-2019 14:36:13 Asia/Bangkok] PHP Notice:  Array to string conversion in D:\comdept\serv2\LocalUser\59143249\database\restaurant.php on line 38
[17-Oct-2019 14:36:13 Asia/Bangkok] PHP Notice:  Undefined variable: arr in D:\comdept\serv2\LocalUser\59143249\database\restaurant.php on line 39
[17-Oct-2019 14:36:13 Asia/Bangkok] PHP Notice:  Array to string conversion in D:\comdept\serv2\LocalUser\59143249\database\restaurant.php on line 38
[17-Oct-2019 14:36:13 Asia/Bangkok] PHP Notice:  Undefined variable: arr in D:\comdept\serv2\LocalUser\59143249\database\restaurant.php on line 39
[17-Oct-2019 14:36:13 Asia/Bangkok] PHP Notice:  Array to string conversion in D:\comdept\serv2\LocalUser\59143249\database\restaurant.php on line 38
[17-Oct-2019 14:36:13 Asia/Bangkok] PHP Notice:  Undefined variable: arr in D:\comdept\serv2\LocalUser\59143249\database\restaurant.php on line 39
[17-Oct-2019 14:36:13 Asia/Bangkok] PHP Notice:  Array to string conversion in D:\comdept\serv2\LocalUser\59143249\database\restaurant.php on line 38
[17-Oct-2019 14:36:13 Asia/Bangkok] PHP Notice:  Undefined variable: arr in D:\comdept\serv2\LocalUser\59143249\database\restaurant.php on line 39
[17-Oct-2019 14:36:44 Asia/Bangkok] PHP Notice:  Array to string conversion in D:\comdept\serv2\LocalUser\59143249\database\restaurant.php on line 40
[17-Oct-2019 14:36:44 Asia/Bangkok] PHP Notice:  Undefined variable: arr in D:\comdept\serv2\LocalUser\59143249\database\restaurant.php on line 41
[17-Oct-2019 14:36:44 Asia/Bangkok] PHP Notice:  Array to string conversion in D:\comdept\serv2\LocalUser\59143249\database\restaurant.php on line 40
[17-Oct-2019 14:36:44 Asia/Bangkok] PHP Notice:  Undefined variable: arr in D:\comdept\serv2\LocalUser\59143249\database\restaurant.php on line 41
[17-Oct-2019 14:36:44 Asia/Bangkok] PHP Notice:  Array to string conversion in D:\comdept\serv2\LocalUser\59143249\database\restaurant.php on line 40
[17-Oct-2019 14:36:44 Asia/Bangkok] PHP Notice:  Undefined variable: arr in D:\comdept\serv2\LocalUser\59143249\database\restaurant.php on line 41
[17-Oct-2019 14:36:44 Asia/Bangkok] PHP Notice:  Array to string conversion in D:\comdept\serv2\LocalUser\59143249\database\restaurant.php on line 40
[17-Oct-2019 14:36:44 Asia/Bangkok] PHP Notice:  Undefined variable: arr in D:\comdept\serv2\LocalUser\59143249\database\restaurant.php on line 41
[17-Oct-2019 14:36:44 Asia/Bangkok] PHP Notice:  Array to string conversion in D:\comdept\serv2\LocalUser\59143249\database\restaurant.php on line 40
[17-Oct-2019 14:36:44 Asia/Bangkok] PHP Notice:  Undefined variable: arr in D:\comdept\serv2\LocalUser\59143249\database\restaurant.php on line 41
[17-Oct-2019 14:36:44 Asia/Bangkok] PHP Notice:  Array to string conversion in D:\comdept\serv2\LocalUser\59143249\database\restaurant.php on line 40
[17-Oct-2019 14:36:44 Asia/Bangkok] PHP Notice:  Undefined variable: arr in D:\comdept\serv2\LocalUser\59143249\database\restaurant.php on line 41
[17-Oct-2019 14:36:44 Asia/Bangkok] PHP Notice:  Array to string conversion in D:\comdept\serv2\LocalUser\59143249\database\restaurant.php on line 40
[17-Oct-2019 14:36:44 Asia/Bangkok] PHP Notice:  Undefined variable: arr in D:\comdept\serv2\LocalUser\59143249\database\restaurant.php on line 41
[17-Oct-2019 14:36:44 Asia/Bangkok] PHP Notice:  Array to string conversion in D:\comdept\serv2\LocalUser\59143249\database\restaurant.php on line 40
[17-Oct-2019 14:36:44 Asia/Bangkok] PHP Notice:  Undefined variable: arr in D:\comdept\serv2\LocalUser\59143249\database\restaurant.php on line 41
[17-Oct-2019 14:36:44 Asia/Bangkok] PHP Notice:  Array to string conversion in D:\comdept\serv2\LocalUser\59143249\database\restaurant.php on line 40
[17-Oct-2019 14:36:44 Asia/Bangkok] PHP Notice:  Undefined variable: arr in D:\comdept\serv2\LocalUser\59143249\database\restaurant.php on line 41
[17-Oct-2019 14:36:44 Asia/Bangkok] PHP Notice:  Array to string conversion in D:\comdept\serv2\LocalUser\59143249\database\restaurant.php on line 40
[17-Oct-2019 14:36:44 Asia/Bangkok] PHP Notice:  Undefined variable: arr in D:\comdept\serv2\LocalUser\59143249\database\restaurant.php on line 41
[17-Oct-2019 14:37:24 Asia/Bangkok] PHP Notice:  Undefined variable: arr in D:\comdept\serv2\LocalUser\59143249\database\restaurant.php on line 41
[17-Oct-2019 14:37:24 Asia/Bangkok] PHP Notice:  Undefined variable: arr in D:\comdept\serv2\LocalUser\59143249\database\restaurant.php on line 41
[17-Oct-2019 14:37:24 Asia/Bangkok] PHP Notice:  Undefined variable: arr in D:\comdept\serv2\LocalUser\59143249\database\restaurant.php on line 41
[17-Oct-2019 14:37:24 Asia/Bangkok] PHP Notice:  Undefined variable: arr in D:\comdept\serv2\LocalUser\59143249\database\restaurant.php on line 41
[17-Oct-2019 14:37:24 Asia/Bangkok] PHP Notice:  Undefined variable: arr in D:\comdept\serv2\LocalUser\59143249\database\restaurant.php on line 41
[17-Oct-2019 14:37:24 Asia/Bangkok] PHP Notice:  Undefined variable: arr in D:\comdept\serv2\LocalUser\59143249\database\restaurant.php on line 41
[17-Oct-2019 14:37:24 Asia/Bangkok] PHP Notice:  Undefined variable: arr in D:\comdept\serv2\LocalUser\59143249\database\restaurant.php on line 41
[17-Oct-2019 14:37:24 Asia/Bangkok] PHP Notice:  Undefined variable: arr in D:\comdept\serv2\LocalUser\59143249\database\restaurant.php on line 41
[17-Oct-2019 14:37:24 Asia/Bangkok] PHP Notice:  Undefined variable: arr in D:\comdept\serv2\LocalUser\59143249\database\restaurant.php on line 41
[17-Oct-2019 14:37:24 Asia/Bangkok] PHP Notice:  Undefined variable: arr in D:\comdept\serv2\LocalUser\59143249\database\restaurant.php on line 41
[17-Oct-2019 14:39:12 Asia/Bangkok] PHP Notice:  Undefined index: ร้านไส้อั่ว ป้าคำ in D:\comdept\serv2\LocalUser\59143249\database\restaurant.php on line 41
[17-Oct-2019 14:39:12 Asia/Bangkok] PHP Notice:  Undefined index: ร้านขายใส้อั่ว อร่อยมาก in D:\comdept\serv2\LocalUser\59143249\database\restaurant.php on line 41
[17-Oct-2019 14:39:12 Asia/Bangkok] PHP Notice:  Undefined index: all in D:\comdept\serv2\LocalUser\59143249\database\restaurant.php on line 41
[17-Oct-2019 14:39:12 Asia/Bangkok] PHP Notice:  Undefined index: 003 in D:\comdept\serv2\LocalUser\59143249\database\restaurant.php on line 41
[17-Oct-2019 14:39:12 Asia/Bangkok] PHP Notice:  Undefined index: ตลาด ประตู เชียงใหม่ ถนน บำรุง บุรี, เทศบาลนครเชียงใหม่ อำเภอเมืองเชียงใหม่ เชียงใหม่ 50200 in D:\comdept\serv2\LocalUser\59143249\database\restaurant.php on line 41
[17-Oct-2019 14:39:12 Asia/Bangkok] PHP Notice:  Undefined index:  in D:\comdept\serv2\LocalUser\59143249\database\restaurant.php on line 41
[17-Oct-2019 14:39:12 Asia/Bangkok] PHP Notice:  Undefined index:  in D:\comdept\serv2\LocalUser\59143249\database\restaurant.php on line 41
[17-Oct-2019 14:39:12 Asia/Bangkok] PHP Notice:  Undefined index:  in D:\comdept\serv2\LocalUser\59143249\database\restaurant.php on line 41
[17-Oct-2019 14:39:12 Asia/Bangkok] PHP Notice:  Undefined index:  in D:\comdept\serv2\LocalUser\59143249\database\restaurant.php on line 41
[17-Oct-2019 14:39:12 Asia/Bangkok] PHP Notice:  Undefined index:  in D:\comdept\serv2\LocalUser\59143249\database\restaurant.php on line 41
[17-Oct-2019 14:39:30 Asia/Bangkok] PHP Notice:  Undefined index: ร้านไส้อั่ว ป้าคำ in D:\comdept\serv2\LocalUser\59143249\database\restaurant.php on line 41
[17-Oct-2019 14:39:30 Asia/Bangkok] PHP Notice:  Undefined index: ร้านขายใส้อั่ว อร่อยมาก in D:\comdept\serv2\LocalUser\59143249\database\restaurant.php on line 41
[17-Oct-2019 14:39:30 Asia/Bangkok] PHP Notice:  Undefined index: all in D:\comdept\serv2\LocalUser\59143249\database\restaurant.php on line 41
[17-Oct-2019 14:39:30 Asia/Bangkok] PHP Notice:  Undefined index: 003 in D:\comdept\serv2\LocalUser\59143249\database\restaurant.php on line 41
[17-Oct-2019 14:39:30 Asia/Bangkok] PHP Notice:  Undefined index: ตลาด ประตู เชียงใหม่ ถนน บำรุง บุรี, เทศบาลนครเชียงใหม่ อำเภอเมืองเชียงใหม่ เชียงใหม่ 50200 in D:\comdept\serv2\LocalUser\59143249\database\restaurant.php on line 41
[17-Oct-2019 14:39:30 Asia/Bangkok] PHP Notice:  Undefined index:  in D:\comdept\serv2\LocalUser\59143249\database\restaurant.php on line 41
[17-Oct-2019 14:39:30 Asia/Bangkok] PHP Notice:  Undefined index:  in D:\comdept\serv2\LocalUser\59143249\database\restaurant.php on line 41
[17-Oct-2019 14:39:30 Asia/Bangkok] PHP Notice:  Undefined index:  in D:\comdept\serv2\LocalUser\59143249\database\restaurant.php on line 41
[17-Oct-2019 14:39:30 Asia/Bangkok] PHP Notice:  Undefined index:  in D:\comdept\serv2\LocalUser\59143249\database\restaurant.php on line 41
[17-Oct-2019 14:39:30 Asia/Bangkok] PHP Notice:  Undefined index:  in D:\comdept\serv2\LocalUser\59143249\database\restaurant.php on line 41
